[10:12:38] INFO: Logs wurden gelöscht
[10:12:40] WARN: API Antwort verzögert
[10:12:44] INFO: Heartbeat OK
[10:12:48] ERROR: Verbindung verloren
[10:12:52] INFO: Heartbeat OK
[10:12:56] ERROR: Verbindung verloren
[10:13:00] INFO: Heartbeat OK
[10:13:04] INFO: Heartbeat OK
[10:13:08] INFO: Heartbeat OK
[10:13:12] INFO: Heartbeat OK
[10:13:16] ERROR: Verbindung verloren
[10:13:20] INFO: Heartbeat OK
[10:13:24] ERROR: Verbindung verloren
[10:13:28] WARN: API Antwort verzögert
[10:13:32] INFO: Heartbeat OK
[10:13:36] WARN: API Antwort verzögert
[10:13:40] ERROR: Verbindung verloren
[10:13:44] INFO: Heartbeat OK
[10:13:48] INFO: Heartbeat OK
[10:13:52] INFO: Heartbeat OK
[10:13:56] INFO: Heartbeat OK
[10:14:00] WARN: API Antwort verzögert
[10:14:04] INFO: Heartbeat OK
[11:03:29] INFO: Heartbeat OK
[11:03:33] ERROR: Verbindung verloren
[11:03:37] INFO: Heartbeat OK
[11:03:41] WARN: API Antwort verzögert
[11:03:45] ERROR: Verbindung verloren
[11:03:49] INFO: Heartbeat OK
[11:03:53] ERROR: Verbindung verloren
[11:03:57] ERROR: Verbindung verloren
[11:04:01] ERROR: Verbindung verloren
[11:04:05] INFO: Heartbeat OK
[11:04:09] INFO: Heartbeat OK
[11:04:13] WARN: API Antwort verzögert
[11:04:17] WARN: API Antwort verzögert
[11:04:21] INFO: Heartbeat OK
[11:04:25] WARN: API Antwort verzögert
[11:04:29] WARN: API Antwort verzögert
[11:04:33] WARN: API Antwort verzögert
[11:04:37] WARN: API Antwort verzögert
[11:04:41] WARN: API Antwort verzögert
[11:04:45] WARN: API Antwort verzögert
[11:04:49] ERROR: Verbindung verloren
[11:04:53] ERROR: Verbindung verloren
[11:04:57] INFO: Heartbeat OK
[11:05:01] ERROR: Verbindung verloren
[11:05:05] INFO: Heartbeat OK
[11:05:09] ERROR: Verbindung verloren
[11:05:13] ERROR: Verbindung verloren
[11:05:17] INFO: Heartbeat OK
[11:05:21] INFO: Heartbeat OK
[11:05:25] INFO: Heartbeat OK
[11:05:29] INFO: Heartbeat OK
[11:05:33] ERROR: Verbindung verloren
[11:05:37] ERROR: Verbindung verloren
[11:05:41] INFO: Heartbeat OK
[11:05:45] INFO: Heartbeat OK
[11:05:49] WARN: API Antwort verzögert
[11:05:53] WARN: API Antwort verzögert
[11:05:57] INFO: Heartbeat OK
[11:06:01] INFO: Heartbeat OK
[11:06:05] ERROR: Verbindung verloren
[11:06:09] INFO: Heartbeat OK
[11:06:13] ERROR: Verbindung verloren
[11:06:17] WARN: API Antwort verzögert
[11:06:21] ERROR: Verbindung verloren
[11:06:25] WARN: API Antwort verzögert
[11:06:29] ERROR: Verbindung verloren
[11:06:33] ERROR: Verbindung verloren
[11:06:37] INFO: Heartbeat OK
[11:06:41] INFO: Heartbeat OK
[11:06:45] INFO: Heartbeat OK
[11:06:49] ERROR: Verbindung verloren
[11:06:53] INFO: Heartbeat OK
[11:06:57] INFO: Heartbeat OK
[11:07:01] WARN: API Antwort verzögert
[11:07:05] ERROR: Verbindung verloren
[11:07:09] WARN: API Antwort verzögert
[11:07:13] WARN: API Antwort verzögert
[11:07:17] INFO: Heartbeat OK
[11:07:21] ERROR: Verbindung verloren
[11:07:25] ERROR: Verbindung verloren
[11:07:29] INFO: Heartbeat OK
[11:07:33] ERROR: Verbindung verloren
[11:07:37] WARN: API Antwort verzögert
[11:07:41] INFO: Heartbeat OK
[11:07:45] INFO: Heartbeat OK
[11:07:49] INFO: Heartbeat OK
[11:07:53] WARN: API Antwort verzögert
[11:07:57] ERROR: Verbindung verloren
[11:08:01] ERROR: Verbindung verloren
[11:08:05] WARN: API Antwort verzögert
[11:08:09] ERROR: Verbindung verloren
[11:08:13] ERROR: Verbindung verloren
[11:08:17] INFO: Heartbeat OK
[11:08:21] WARN: API Antwort verzögert
[11:08:25] WARN: API Antwort verzögert
[11:08:29] ERROR: Verbindung verloren
[11:08:33] WARN: API Antwort verzögert
[11:08:37] INFO: Heartbeat OK
[11:08:41] ERROR: Verbindung verloren
[11:08:45] WARN: API Antwort verzögert
[11:08:49] ERROR: Verbindung verloren
[11:08:53] ERROR: Verbindung verloren
[11:08:57] WARN: API Antwort verzögert
[11:09:01] ERROR: Verbindung verloren
[11:09:05] WARN: API Antwort verzögert
[11:09:09] ERROR: Verbindung verloren
[11:09:13] ERROR: Verbindung verloren
[11:09:17] INFO: Heartbeat OK
[11:09:21] INFO: Heartbeat OK
[11:09:25] WARN: API Antwort verzögert
[11:09:29] INFO: Heartbeat OK
[11:09:33] WARN: API Antwort verzögert
[11:09:37] INFO: Heartbeat OK
[11:09:41] WARN: API Antwort verzögert
[11:09:45] WARN: API Antwort verzögert
[11:09:49] ERROR: Verbindung verloren
[11:09:53] INFO: Heartbeat OK
[11:09:57] WARN: API Antwort verzögert
[11:10:01] INFO: Heartbeat OK
[11:10:05] ERROR: Verbindung verloren
[11:10:09] INFO: Heartbeat OK
[11:10:13] ERROR: Verbindung verloren
[11:10:17] INFO: Heartbeat OK
[11:10:21] INFO: Heartbeat OK
[11:10:25] WARN: API Antwort verzögert
[11:10:29] WARN: API Antwort verzögert
[11:10:33] WARN: API Antwort verzögert
[11:10:37] INFO: Heartbeat OK
[11:10:41] INFO: Heartbeat OK
[11:10:45] ERROR: Verbindung verloren
[11:10:49] ERROR: Verbindung verloren
[11:10:53] ERROR: Verbindung verloren
[11:10:57] WARN: API Antwort verzögert
[11:11:01] INFO: Heartbeat OK
[11:11:05] INFO: Heartbeat OK
[11:11:09] WARN: API Antwort verzögert
[11:11:13] WARN: API Antwort verzögert
[11:11:17] WARN: API Antwort verzögert
[11:11:21] ERROR: Verbindung verloren
[11:11:25] ERROR: Verbindung verloren
[11:11:29] INFO: Heartbeat OK
[11:11:33] ERROR: Verbindung verloren
[11:11:37] INFO: Heartbeat OK
[11:11:41] INFO: Heartbeat OK
[11:11:45] INFO: Heartbeat OK
[11:11:49] ERROR: Verbindung verloren
[11:11:53] INFO: Heartbeat OK
[11:11:57] WARN: API Antwort verzögert
[11:12:01] WARN: API Antwort verzögert
[11:12:05] INFO: Heartbeat OK
[11:12:09] WARN: API Antwort verzögert
[11:12:13] ERROR: Verbindung verloren
[11:12:17] WARN: API Antwort verzögert
[11:12:21] ERROR: Verbindung verloren
[11:12:25] WARN: API Antwort verzögert
[11:12:29] INFO: Heartbeat OK
[11:12:33] WARN: API Antwort verzögert
[11:12:37] INFO: Heartbeat OK
[11:12:41] WARN: API Antwort verzögert
[11:12:45] WARN: API Antwort verzögert
[11:12:49] ERROR: Verbindung verloren
[11:12:53] INFO: Heartbeat OK
[11:12:57] WARN: API Antwort verzögert
[11:13:01] ERROR: Verbindung verloren
[11:13:05] ERROR: Verbindung verloren
[11:13:09] INFO: Heartbeat OK
[11:13:13] INFO: Heartbeat OK
[11:13:17] ERROR: Verbindung verloren
[11:13:21] INFO: Heartbeat OK
[11:13:25] ERROR: Verbindung verloren
[11:13:29] ERROR: Verbindung verloren
[11:13:33] WARN: API Antwort verzögert
[11:13:37] WARN: API Antwort verzögert
[11:13:41] ERROR: Verbindung verloren
[11:13:45] WARN: API Antwort verzögert
[11:13:49] ERROR: Verbindung verloren
[11:13:53] INFO: Heartbeat OK
[16:10:03] ERROR: Verbindung verloren
[16:10:07] WARN: API Antwort verzögert
[16:10:11] ERROR: Verbindung verloren
[16:10:15] ERROR: Verbindung verloren
[16:10:19] WARN: API Antwort verzögert
[16:10:23] ERROR: Verbindung verloren
[16:10:27] INFO: Heartbeat OK
[16:10:31] WARN: API Antwort verzögert
[16:10:35] ERROR: Verbindung verloren
[16:10:39] WARN: API Antwort verzögert
[16:10:43] ERROR: Verbindung verloren
[16:10:47] WARN: API Antwort verzögert
[16:10:51] INFO: Heartbeat OK
[16:10:55] INFO: Heartbeat OK
[16:10:59] ERROR: Verbindung verloren
[16:11:03] ERROR: Verbindung verloren
[16:11:07] WARN: API Antwort verzögert
[16:11:11] ERROR: Verbindung verloren
[16:11:15] WARN: API Antwort verzögert
[16:11:19] INFO: Heartbeat OK
[16:11:23] INFO: Heartbeat OK
[16:11:27] WARN: API Antwort verzögert
[16:11:31] WARN: API Antwort verzögert
[16:11:35] INFO: Heartbeat OK
[16:11:39] INFO: Heartbeat OK
[16:11:43] ERROR: Verbindung verloren
[16:11:47] WARN: API Antwort verzögert
[16:11:51] ERROR: Verbindung verloren
[16:11:55] ERROR: Verbindung verloren
[16:11:59] INFO: Heartbeat OK
[16:12:03] ERROR: Verbindung verloren
[16:12:07] ERROR: Verbindung verloren
[16:12:11] ERROR: Verbindung verloren
[16:12:15] WARN: API Antwort verzögert
[16:12:19] INFO: Heartbeat OK
[16:12:23] INFO: Heartbeat OK
[16:12:27] ERROR: Verbindung verloren
[16:12:31] WARN: API Antwort verzögert
[16:12:35] ERROR: Verbindung verloren
[16:12:39] INFO: Heartbeat OK
[16:12:43] INFO: Heartbeat OK
[16:12:47] INFO: Heartbeat OK
[16:12:51] INFO: Heartbeat OK
[16:12:55] ERROR: Verbindung verloren
[16:12:59] ERROR: Verbindung verloren
[16:13:03] ERROR: Verbindung verloren
[16:13:07] WARN: API Antwort verzögert
[16:13:11] ERROR: Verbindung verloren
[16:13:15] ERROR: Verbindung verloren
[16:13:19] INFO: Heartbeat OK
[16:13:23] ERROR: Verbindung verloren
[16:13:27] WARN: API Antwort verzögert
[16:13:31] WARN: API Antwort verzögert
[16:13:35] WARN: API Antwort verzögert
[16:13:39] WARN: API Antwort verzögert
[16:13:43] ERROR: Verbindung verloren
[16:13:47] WARN: API Antwort verzögert
[16:13:51] WARN: API Antwort verzögert
[16:13:55] ERROR: Verbindung verloren
[16:13:59] WARN: API Antwort verzögert
[16:14:03] INFO: Heartbeat OK
[16:14:07] INFO: Heartbeat OK
[16:14:11] ERROR: Verbindung verloren
[16:14:15] INFO: Heartbeat OK
[16:14:19] WARN: API Antwort verzögert
[16:14:23] ERROR: Verbindung verloren
[16:14:27] ERROR: Verbindung verloren
[16:14:31] ERROR: Verbindung verloren
[16:14:35] ERROR: Verbindung verloren
[16:14:39] ERROR: Verbindung verloren
[16:14:43] INFO: Heartbeat OK
[16:14:47] INFO: Heartbeat OK
[16:14:51] ERROR: Verbindung verloren
[16:14:55] INFO: Heartbeat OK
[16:14:59] WARN: API Antwort verzögert
[16:15:03] WARN: API Antwort verzögert
[16:15:07] INFO: Heartbeat OK
[16:15:11] ERROR: Verbindung verloren
[16:15:15] WARN: API Antwort verzögert
[16:15:19] ERROR: Verbindung verloren
[16:15:23] ERROR: Verbindung verloren
[16:15:27] ERROR: Verbindung verloren
[16:15:31] WARN: API Antwort verzögert
[16:15:35] INFO: Heartbeat OK
[16:15:39] ERROR: Verbindung verloren
[16:15:43] INFO: Heartbeat OK
[16:15:47] ERROR: Verbindung verloren
[16:15:51] WARN: API Antwort verzögert
[16:15:55] ERROR: Verbindung verloren
[16:15:59] WARN: API Antwort verzögert
[16:16:03] WARN: API Antwort verzögert
[16:16:07] INFO: Heartbeat OK
[16:16:11] ERROR: Verbindung verloren
[16:16:15] ERROR: Verbindung verloren
[16:16:19] ERROR: Verbindung verloren
[16:16:23] ERROR: Verbindung verloren
[16:16:27] WARN: API Antwort verzögert
[16:16:31] ERROR: Verbindung verloren
[16:16:35] WARN: API Antwort verzögert
[16:16:39] ERROR: Verbindung verloren
[16:16:43] INFO: Heartbeat OK
[16:16:47] WARN: API Antwort verzögert
[16:16:51] INFO: Heartbeat OK
[16:16:55] ERROR: Verbindung verloren
[16:16:59] WARN: API Antwort verzögert
[16:17:03] ERROR: Verbindung verloren
[16:17:07] INFO: Heartbeat OK
[16:17:11] INFO: Heartbeat OK
[16:17:15] WARN: API Antwort verzögert
[16:17:19] ERROR: Verbindung verloren
[16:17:23] INFO: Heartbeat OK
[16:17:27] WARN: API Antwort verzögert
[16:17:31] ERROR: Verbindung verloren
[16:17:35] INFO: Heartbeat OK
[16:17:39] WARN: API Antwort verzögert
[16:17:43] WARN: API Antwort verzögert
[16:17:47] INFO: Heartbeat OK
[16:17:51] WARN: API Antwort verzögert
[16:17:55] ERROR: Verbindung verloren
[16:17:59] WARN: API Antwort verzögert
[16:18:03] WARN: API Antwort verzögert
[16:18:07] ERROR: Verbindung verloren
[16:18:11] INFO: Heartbeat OK
[16:18:15] WARN: API Antwort verzögert
[16:18:19] WARN: API Antwort verzögert
[16:18:23] WARN: API Antwort verzögert
[16:18:27] WARN: API Antwort verzögert
[16:18:31] ERROR: Verbindung verloren
[16:18:35] WARN: API Antwort verzögert
[16:18:39] WARN: API Antwort verzögert
[16:18:43] INFO: Heartbeat OK
[16:18:47] WARN: API Antwort verzögert
[16:18:51] INFO: Heartbeat OK
[16:18:55] WARN: API Antwort verzögert
[16:18:59] WARN: API Antwort verzögert
[16:19:03] INFO: Heartbeat OK
[16:19:07] WARN: API Antwort verzögert
[16:19:11] ERROR: Verbindung verloren
[16:19:15] ERROR: Verbindung verloren
[16:19:19] ERROR: Verbindung verloren
[16:19:23] INFO: Heartbeat OK
[16:19:27] ERROR: Verbindung verloren
[16:19:31] INFO: Heartbeat OK
[16:19:35] ERROR: Verbindung verloren
[16:19:39] INFO: Heartbeat OK
[16:19:43] INFO: Heartbeat OK
[16:19:47] WARN: API Antwort verzögert
[16:19:51] INFO: Heartbeat OK
[16:19:55] ERROR: Verbindung verloren
[16:19:59] ERROR: Verbindung verloren
[16:20:03] INFO: Heartbeat OK
[16:20:07] WARN: API Antwort verzögert
[16:20:11] INFO: Heartbeat OK
[16:20:15] ERROR: Verbindung verloren
[16:20:19] WARN: API Antwort verzögert
[16:20:23] INFO: Heartbeat OK
[16:20:27] ERROR: Verbindung verloren
[16:20:31] WARN: API Antwort verzögert
[16:20:35] INFO: Heartbeat OK
[16:20:39] ERROR: Verbindung verloren
[16:20:43] INFO: Heartbeat OK
[16:20:47] WARN: API Antwort verzögert
[16:20:51] WARN: API Antwort verzögert
[16:20:55] ERROR: Verbindung verloren
[16:20:59] ERROR: Verbindung verloren
[16:21:03] WARN: API Antwort verzögert
[16:21:07] WARN: API Antwort verzögert
[16:21:11] INFO: Heartbeat OK
[16:21:15] WARN: API Antwort verzögert
[16:21:19] INFO: Heartbeat OK
[16:21:23] WARN: API Antwort verzögert
[16:21:27] INFO: Heartbeat OK
[16:21:31] WARN: API Antwort verzögert
[16:21:35] WARN: API Antwort verzögert
[16:21:39] ERROR: Verbindung verloren
[16:21:43] WARN: API Antwort verzögert
[16:21:47] WARN: API Antwort verzögert
[16:21:51] ERROR: Verbindung verloren
[16:21:55] ERROR: Verbindung verloren
[16:21:59] INFO: Heartbeat OK
[16:22:03] WARN: API Antwort verzögert
[16:22:07] INFO: Heartbeat OK
[16:22:11] INFO: Heartbeat OK
[16:22:15] ERROR: Verbindung verloren
[16:22:19] INFO: Heartbeat OK
[16:22:23] INFO: Heartbeat OK
[16:22:27] WARN: API Antwort verzögert
[16:22:31] ERROR: Verbindung verloren
[16:22:35] WARN: API Antwort verzögert
[16:22:39] INFO: Heartbeat OK
[16:22:43] INFO: Heartbeat OK
[16:22:47] WARN: API Antwort verzögert
[16:22:51] ERROR: Verbindung verloren
[16:22:55] ERROR: Verbindung verloren
[16:22:59] INFO: Heartbeat OK
[16:23:03] WARN: API Antwort verzögert
[16:23:07] ERROR: Verbindung verloren
[16:24:14] WARN: API Antwort verzögert
[16:24:18] INFO: Heartbeat OK
[16:24:22] WARN: API Antwort verzögert
[16:24:26] INFO: Heartbeat OK
[16:24:30] WARN: API Antwort verzögert
[16:24:34] ERROR: Verbindung verloren
[16:24:38] WARN: API Antwort verzögert
[16:24:42] ERROR: Verbindung verloren
[16:24:46] INFO: Heartbeat OK
[16:24:50] WARN: API Antwort verzögert
[16:24:54] ERROR: Verbindung verloren
[16:24:58] INFO: Heartbeat OK
[16:25:02] WARN: API Antwort verzögert
[16:25:06] INFO: Heartbeat OK
[16:25:10] INFO: Heartbeat OK
[16:25:14] WARN: API Antwort verzögert
[16:25:18] ERROR: Verbindung verloren
[16:25:22] INFO: Heartbeat OK
[16:25:26] WARN: API Antwort verzögert
[16:25:30] INFO: Heartbeat OK
[16:25:34] WARN: API Antwort verzögert
[16:25:38] ERROR: Verbindung verloren
[16:25:42] INFO: Heartbeat OK
[16:25:46] WARN: API Antwort verzögert
[16:25:50] ERROR: Verbindung verloren
[16:25:54] INFO: Heartbeat OK
[16:25:58] ERROR: Verbindung verloren
[16:26:02] ERROR: Verbindung verloren
[16:26:06] INFO: Heartbeat OK
[16:26:10] WARN: API Antwort verzögert
[16:26:14] ERROR: Verbindung verloren
[16:26:18] INFO: Heartbeat OK
[16:26:22] ERROR: Verbindung verloren
[16:26:26] INFO: Heartbeat OK
[16:26:30] WARN: API Antwort verzögert
[16:26:34] INFO: Heartbeat OK
[16:26:38] WARN: API Antwort verzögert
[16:26:42] ERROR: Verbindung verloren
[16:26:46] INFO: Heartbeat OK
[16:26:50] ERROR: Verbindung verloren
[16:26:54] WARN: API Antwort verzögert
[16:26:58] WARN: API Antwort verzögert
[16:27:02] ERROR: Verbindung verloren
[16:27:06] ERROR: Verbindung verloren
[16:27:10] ERROR: Verbindung verloren
[16:27:14] INFO: Heartbeat OK
[16:27:18] WARN: API Antwort verzögert
[16:27:22] INFO: Heartbeat OK
[16:27:26] ERROR: Verbindung verloren
[16:27:30] INFO: Heartbeat OK
[16:27:34] WARN: API Antwort verzögert
[16:27:38] INFO: Heartbeat OK
[16:27:42] ERROR: Verbindung verloren
[16:27:46] ERROR: Verbindung verloren
[16:27:50] WARN: API Antwort verzögert
[16:27:54] INFO: Heartbeat OK
[16:27:58] WARN: API Antwort verzögert
[16:28:02] ERROR: Verbindung verloren
[16:28:06] INFO: Heartbeat OK
[16:28:10] ERROR: Verbindung verloren
[16:28:14] INFO: Heartbeat OK
[16:28:18] ERROR: Verbindung verloren
[16:28:22] ERROR: Verbindung verloren
[16:28:26] INFO: Heartbeat OK
[16:28:30] ERROR: Verbindung verloren
[16:28:34] WARN: API Antwort verzögert
[16:28:38] ERROR: Verbindung verloren
[16:28:42] WARN: API Antwort verzögert
[16:28:46] INFO: Heartbeat OK
[16:28:50] INFO: Heartbeat OK
[16:28:54] ERROR: Verbindung verloren
[16:28:58] ERROR: Verbindung verloren
[16:29:02] INFO: Heartbeat OK
[16:29:06] ERROR: Verbindung verloren
[16:29:10] ERROR: Verbindung verloren
[16:29:14] INFO: Heartbeat OK
[16:29:18] ERROR: Verbindung verloren
[16:29:22] ERROR: Verbindung verloren
[16:29:26] ERROR: Verbindung verloren
[16:29:30] INFO: Heartbeat OK
[16:29:34] WARN: API Antwort verzögert
[16:29:38] WARN: API Antwort verzögert
[16:29:42] INFO: Heartbeat OK
[16:29:46] WARN: API Antwort verzögert
[16:29:50] WARN: API Antwort verzögert
[16:29:54] INFO: Heartbeat OK
[16:29:58] WARN: API Antwort verzögert
[16:30:02] ERROR: Verbindung verloren
[16:30:06] INFO: Heartbeat OK
[16:30:10] ERROR: Verbindung verloren
[16:30:14] ERROR: Verbindung verloren
[16:30:18] WARN: API Antwort verzögert
[16:30:22] WARN: API Antwort verzögert
[16:30:26] INFO: Heartbeat OK
[16:30:30] ERROR: Verbindung verloren
[16:30:34] INFO: Heartbeat OK
[16:30:38] WARN: API Antwort verzögert
[16:30:42] ERROR: Verbindung verloren
[16:30:46] INFO: Heartbeat OK
[16:30:50] WARN: API Antwort verzögert
[16:30:54] WARN: API Antwort verzögert
[16:30:58] WARN: API Antwort verzögert
[16:31:02] ERROR: Verbindung verloren
[16:31:06] ERROR: Verbindung verloren
[16:31:10] INFO: Heartbeat OK
[16:31:14] INFO: Heartbeat OK
[16:31:18] WARN: API Antwort verzögert
[16:31:22] ERROR: Verbindung verloren
[16:31:26] INFO: Heartbeat OK
[16:31:30] ERROR: Verbindung verloren
[16:31:34] WARN: API Antwort verzögert
[16:31:38] ERROR: Verbindung verloren
[16:31:42] ERROR: Verbindung verloren
[16:31:46] ERROR: Verbindung verloren
[16:31:50] ERROR: Verbindung verloren
[16:31:54] WARN: API Antwort verzögert
[16:31:58] ERROR: Verbindung verloren
[16:32:02] INFO: Heartbeat OK
[16:32:06] ERROR: Verbindung verloren
[16:32:10] ERROR: Verbindung verloren
[16:32:14] ERROR: Verbindung verloren
[16:32:18] WARN: API Antwort verzögert
[16:32:22] INFO: Heartbeat OK
[16:32:26] INFO: Heartbeat OK
[16:32:30] WARN: API Antwort verzögert
[16:32:34] INFO: Heartbeat OK
[16:32:38] WARN: API Antwort verzögert
[16:32:42] INFO: Heartbeat OK
[16:32:46] ERROR: Verbindung verloren
[16:32:50] INFO: Heartbeat OK
[16:32:54] WARN: API Antwort verzögert
[16:32:58] WARN: API Antwort verzögert
[16:33:02] ERROR: Verbindung verloren
[16:33:06] INFO: Heartbeat OK
[16:33:10] WARN: API Antwort verzögert
[16:33:14] ERROR: Verbindung verloren
[16:33:18] WARN: API Antwort verzögert
[16:33:22] WARN: API Antwort verzögert
[16:33:26] ERROR: Verbindung verloren
[16:33:30] ERROR: Verbindung verloren
[16:33:34] WARN: API Antwort verzögert
[16:33:38] ERROR: Verbindung verloren
[16:33:42] ERROR: Verbindung verloren
[16:33:46] INFO: Heartbeat OK
[16:33:50] ERROR: Verbindung verloren
[16:33:54] INFO: Heartbeat OK
[16:33:58] ERROR: Verbindung verloren
[16:34:02] ERROR: Verbindung verloren
[16:34:06] INFO: Heartbeat OK
[16:34:10] ERROR: Verbindung verloren
[16:34:14] INFO: Heartbeat OK
[16:34:18] ERROR: Verbindung verloren
[16:34:22] WARN: API Antwort verzögert
[16:34:26] ERROR: Verbindung verloren
[16:34:30] INFO: Heartbeat OK
[16:34:34] ERROR: Verbindung verloren
[16:34:38] ERROR: Verbindung verloren
[16:34:42] INFO: Heartbeat OK
[16:34:46] INFO: Heartbeat OK
[16:34:50] ERROR: Verbindung verloren
[16:34:54] WARN: API Antwort verzögert
[16:34:58] ERROR: Verbindung verloren
[16:35:02] ERROR: Verbindung verloren
[16:35:06] INFO: Heartbeat OK
[16:35:10] INFO: Heartbeat OK
[16:35:14] ERROR: Verbindung verloren
[16:35:18] ERROR: Verbindung verloren
[16:35:22] WARN: API Antwort verzögert
[16:35:26] WARN: API Antwort verzögert
[16:35:30] WARN: API Antwort verzögert
[16:35:34] WARN: API Antwort verzögert
[16:35:38] ERROR: Verbindung verloren
[16:35:42] INFO: Heartbeat OK
[16:35:46] ERROR: Verbindung verloren
[16:35:50] ERROR: Verbindung verloren
[16:35:54] WARN: API Antwort verzögert
[16:35:58] ERROR: Verbindung verloren
[16:36:02] INFO: Heartbeat OK
[16:36:06] WARN: API Antwort verzögert
[16:36:10] WARN: API Antwort verzögert
[16:36:14] ERROR: Verbindung verloren
[16:36:18] ERROR: Verbindung verloren
[16:36:22] WARN: API Antwort verzögert
[16:36:26] INFO: Heartbeat OK
[16:36:30] WARN: API Antwort verzögert
[16:36:34] WARN: API Antwort verzögert
[16:36:38] WARN: API Antwort verzögert
[16:36:42] WARN: API Antwort verzögert
[16:36:46] WARN: API Antwort verzögert
[16:36:50] WARN: API Antwort verzögert
[16:36:54] WARN: API Antwort verzögert
[16:36:58] WARN: API Antwort verzögert
[16:37:02] INFO: Heartbeat OK
[16:37:06] WARN: API Antwort verzögert
[16:37:10] INFO: Heartbeat OK
[16:37:14] ERROR: Verbindung verloren
[16:37:18] WARN: API Antwort verzögert
[16:37:22] INFO: Heartbeat OK
[16:37:26] WARN: API Antwort verzögert
[16:37:30] INFO: Heartbeat OK
[16:37:34] ERROR: Verbindung verloren
[16:37:38] WARN: API Antwort verzögert
[16:37:42] INFO: Heartbeat OK
[16:37:46] WARN: API Antwort verzögert
[16:37:50] WARN: API Antwort verzögert
[16:37:54] INFO: Heartbeat OK
[16:37:58] WARN: API Antwort verzögert
[16:38:02] INFO: Heartbeat OK
[16:38:06] INFO: Heartbeat OK
[16:38:10] WARN: API Antwort verzögert
[16:38:14] ERROR: Verbindung verloren
[16:38:18] WARN: API Antwort verzögert
[16:38:22] ERROR: Verbindung verloren
[16:38:26] ERROR: Verbindung verloren
[16:38:30] INFO: Heartbeat OK
[16:38:34] ERROR: Verbindung verloren
[16:38:38] INFO: Heartbeat OK
[16:38:42] WARN: API Antwort verzögert
[16:38:46] ERROR: Verbindung verloren
[16:38:50] ERROR: Verbindung verloren
[16:38:54] ERROR: Verbindung verloren
[16:38:58] INFO: Heartbeat OK
[16:39:02] INFO: Heartbeat OK
[16:39:06] ERROR: Verbindung verloren
[16:39:10] ERROR: Verbindung verloren
[16:39:14] WARN: API Antwort verzögert
[16:39:18] ERROR: Verbindung verloren
[16:39:22] INFO: Heartbeat OK
[16:39:26] ERROR: Verbindung verloren
[16:39:30] ERROR: Verbindung verloren
[16:39:34] WARN: API Antwort verzögert
[16:39:38] ERROR: Verbindung verloren
[16:39:42] ERROR: Verbindung verloren
[16:39:46] ERROR: Verbindung verloren
[16:39:50] WARN: API Antwort verzögert
[16:39:54] ERROR: Verbindung verloren
[16:39:58] WARN: API Antwort verzögert
[16:40:02] ERROR: Verbindung verloren
[16:40:06] WARN: API Antwort verzögert
[16:40:10] INFO: Heartbeat OK
[16:40:14] INFO: Heartbeat OK
[16:40:18] INFO: Heartbeat OK
[16:40:22] INFO: Heartbeat OK
[16:40:26] ERROR: Verbindung verloren
[16:40:30] INFO: Heartbeat OK
[16:40:34] ERROR: Verbindung verloren
[16:40:38] WARN: API Antwort verzögert
[16:40:42] ERROR: Verbindung verloren
[16:40:46] ERROR: Verbindung verloren
[16:40:50] ERROR: Verbindung verloren
[16:40:54] INFO: Heartbeat OK
[16:40:58] ERROR: Verbindung verloren
[16:41:02] INFO: Heartbeat OK
[16:41:06] WARN: API Antwort verzögert
[16:41:10] ERROR: Verbindung verloren
[16:41:14] ERROR: Verbindung verloren
[16:41:18] ERROR: Verbindung verloren
[16:41:22] INFO: Heartbeat OK
[16:41:26] INFO: Heartbeat OK
[16:41:30] INFO: Heartbeat OK
[16:41:34] INFO: Heartbeat OK
[16:41:38] ERROR: Verbindung verloren
[16:41:42] ERROR: Verbindung verloren
[16:41:46] ERROR: Verbindung verloren
[16:41:50] WARN: API Antwort verzögert
[16:41:54] INFO: Heartbeat OK
[16:41:58] WARN: API Antwort verzögert
[16:42:02] ERROR: Verbindung verloren
[16:42:06] ERROR: Verbindung verloren
[16:42:10] INFO: Heartbeat OK
[16:42:14] ERROR: Verbindung verloren
[16:42:18] WARN: API Antwort verzögert
[16:42:22] ERROR: Verbindung verloren
[16:42:26] INFO: Heartbeat OK
[16:42:30] WARN: API Antwort verzögert
[16:42:34] INFO: Heartbeat OK
[16:42:38] INFO: Heartbeat OK
[16:42:42] INFO: Heartbeat OK
[16:42:46] ERROR: Verbindung verloren
[16:42:50] ERROR: Verbindung verloren
[16:42:54] ERROR: Verbindung verloren
[16:42:58] ERROR: Verbindung verloren
[16:43:02] ERROR: Verbindung verloren
[16:43:06] ERROR: Verbindung verloren
[16:43:10] WARN: API Antwort verzögert
[16:43:14] WARN: API Antwort verzögert
[16:43:18] WARN: API Antwort verzögert
[16:43:22] WARN: API Antwort verzögert
[16:43:26] ERROR: Verbindung verloren
[16:43:30] ERROR: Verbindung verloren
[16:43:34] ERROR: Verbindung verloren
[16:43:38] ERROR: Verbindung verloren
[16:43:42] ERROR: Verbindung verloren
[16:44:46] INFO: Heartbeat OK
[16:44:50] WARN: API Antwort verzögert
[16:44:54] WARN: API Antwort verzögert
[16:44:58] INFO: Heartbeat OK
[16:45:02] INFO: Heartbeat OK
[16:45:06] WARN: API Antwort verzögert
[16:45:10] WARN: API Antwort verzögert
[16:45:14] INFO: Heartbeat OK
[16:45:18] WARN: API Antwort verzögert
[16:45:22] INFO: Heartbeat OK
[16:45:26] ERROR: Verbindung verloren
[16:45:30] ERROR: Verbindung verloren
[16:45:34] INFO: Heartbeat OK
[16:45:38] ERROR: Verbindung verloren
[16:45:42] ERROR: Verbindung verloren
[16:45:46] WARN: API Antwort verzögert
[16:45:50] WARN: API Antwort verzögert
[16:45:54] WARN: API Antwort verzögert
[16:45:58] INFO: Heartbeat OK
[16:46:02] ERROR: Verbindung verloren
[16:46:06] INFO: Heartbeat OK
[16:46:10] WARN: API Antwort verzögert
[16:46:14] INFO: Heartbeat OK
[16:46:18] WARN: API Antwort verzögert
[16:46:22] WARN: API Antwort verzögert
[16:46:26] INFO: Heartbeat OK
[16:46:30] WARN: API Antwort verzögert
[16:46:34] ERROR: Verbindung verloren
[16:46:38] ERROR: Verbindung verloren
[16:46:42] INFO: Heartbeat OK
[16:46:46] ERROR: Verbindung verloren
[16:46:50] ERROR: Verbindung verloren
[16:46:54] ERROR: Verbindung verloren
[16:46:58] WARN: API Antwort verzögert
[16:47:02] INFO: Heartbeat OK
[16:47:06] INFO: Heartbeat OK
[16:47:10] INFO: Heartbeat OK
[16:47:14] WARN: API Antwort verzögert
[16:47:18] WARN: API Antwort verzögert
[16:47:22] INFO: Heartbeat OK
[16:47:26] INFO: Heartbeat OK
[16:47:30] INFO: Heartbeat OK
[16:47:34] INFO: Heartbeat OK
[16:47:38] INFO: Heartbeat OK
[16:47:42] INFO: Heartbeat OK
[16:47:46] ERROR: Verbindung verloren
[16:47:50] INFO: Heartbeat OK
[16:47:54] WARN: API Antwort verzögert
[16:47:58] ERROR: Verbindung verloren
[16:48:02] INFO: Heartbeat OK
[16:48:06] ERROR: Verbindung verloren
[16:48:10] WARN: API Antwort verzögert
[16:48:14] INFO: Heartbeat OK
[16:48:18] ERROR: Verbindung verloren
[16:48:22] WARN: API Antwort verzögert
[16:48:26] INFO: Heartbeat OK
[16:48:30] ERROR: Verbindung verloren
[16:48:34] ERROR: Verbindung verloren
[16:48:38] ERROR: Verbindung verloren
[16:48:42] WARN: API Antwort verzögert
[16:48:46] WARN: API Antwort verzögert
[16:48:50] WARN: API Antwort verzögert
[16:48:54] INFO: Heartbeat OK
[16:48:58] INFO: Heartbeat OK
[16:49:02] WARN: API Antwort verzögert
[16:49:06] ERROR: Verbindung verloren
[16:49:10] ERROR: Verbindung verloren
[16:49:14] WARN: API Antwort verzögert
[16:49:18] WARN: API Antwort verzögert
[16:49:22] WARN: API Antwort verzögert
[16:49:26] ERROR: Verbindung verloren
[16:49:30] INFO: Heartbeat OK
[16:49:34] WARN: API Antwort verzögert
[16:49:38] ERROR: Verbindung verloren
[16:49:42] WARN: API Antwort verzögert
[16:49:46] ERROR: Verbindung verloren
[16:49:50] ERROR: Verbindung verloren
[16:49:54] ERROR: Verbindung verloren
[16:49:58] WARN: API Antwort verzögert
[16:50:02] WARN: API Antwort verzögert
[16:50:06] INFO: Heartbeat OK
[16:50:22] WARN: API Antwort verzögert
[16:50:26] ERROR: Verbindung verloren
[16:50:30] INFO: Heartbeat OK
[16:50:34] ERROR: Verbindung verloren
[16:50:38] ERROR: Verbindung verloren
[16:50:42] ERROR: Verbindung verloren
[16:50:46] INFO: Heartbeat OK
[16:50:50] INFO: Heartbeat OK
[16:50:54] INFO: Heartbeat OK
[16:50:58] INFO: Heartbeat OK
[16:51:02] WARN: API Antwort verzögert
[16:51:06] INFO: Heartbeat OK
[16:51:10] WARN: API Antwort verzögert
[16:51:14] ERROR: Verbindung verloren
[16:51:18] ERROR: Verbindung verloren
[16:51:22] WARN: API Antwort verzögert
[16:51:26] INFO: Heartbeat OK
[16:51:30] ERROR: Verbindung verloren
[16:51:34] ERROR: Verbindung verloren
[16:51:38] INFO: Heartbeat OK
[16:51:42] INFO: Heartbeat OK
[16:51:46] WARN: API Antwort verzögert
[16:51:50] ERROR: Verbindung verloren
[16:51:54] ERROR: Verbindung verloren
[16:51:58] WARN: API Antwort verzögert
[16:52:02] ERROR: Verbindung verloren
[16:52:06] INFO: Heartbeat OK
[16:52:10] ERROR: Verbindung verloren
[16:52:14] INFO: Heartbeat OK
[16:52:18] WARN: API Antwort verzögert
[16:52:22] WARN: API Antwort verzögert
[16:52:26] WARN: API Antwort verzögert
[16:52:30] ERROR: Verbindung verloren
[16:52:34] INFO: Heartbeat OK
[16:52:38] ERROR: Verbindung verloren
[16:52:42] INFO: Heartbeat OK
[16:52:46] WARN: API Antwort verzögert
[16:52:50] INFO: Heartbeat OK
[16:52:54] ERROR: Verbindung verloren
[16:52:58] ERROR: Verbindung verloren
[16:53:02] INFO: Heartbeat OK
[16:53:06] ERROR: Verbindung verloren
[16:53:10] ERROR: Verbindung verloren
[16:53:14] ERROR: Verbindung verloren
[16:53:18] ERROR: Verbindung verloren
[16:53:22] WARN: API Antwort verzögert
[16:53:26] ERROR: Verbindung verloren
[16:53:30] ERROR: Verbindung verloren
[16:53:34] ERROR: Verbindung verloren
[16:53:38] INFO: Heartbeat OK
[16:53:42] INFO: Heartbeat OK
[16:53:46] WARN: API Antwort verzögert
[16:53:50] ERROR: Verbindung verloren
[16:53:54] WARN: API Antwort verzögert
[16:53:58] INFO: Heartbeat OK
[16:54:02] WARN: API Antwort verzögert
[16:54:06] ERROR: Verbindung verloren
[16:54:10] ERROR: Verbindung verloren
[16:54:14] WARN: API Antwort verzögert
[16:54:18] ERROR: Verbindung verloren
[16:54:22] ERROR: Verbindung verloren
[16:54:26] INFO: Heartbeat OK
[16:54:30] INFO: Heartbeat OK
[16:54:34] WARN: API Antwort verzögert
[16:54:38] WARN: API Antwort verzögert
[16:54:42] WARN: API Antwort verzögert
[16:54:46] INFO: Heartbeat OK
[16:54:50] ERROR: Verbindung verloren
[16:54:54] WARN: API Antwort verzögert
[16:54:58] WARN: API Antwort verzögert
[16:55:02] WARN: API Antwort verzögert
[16:55:06] INFO: Heartbeat OK
[16:55:10] ERROR: Verbindung verloren
[16:55:14] INFO: Heartbeat OK
[16:55:18] INFO: Heartbeat OK
[16:55:22] ERROR: Verbindung verloren
[16:55:26] INFO: Heartbeat OK
[16:55:30] ERROR: Verbindung verloren
[16:55:34] ERROR: Verbindung verloren
[16:55:38] ERROR: Verbindung verloren
[16:55:42] WARN: API Antwort verzögert
[16:56:00] INFO: Heartbeat OK
[16:56:04] ERROR: Verbindung verloren
[16:56:08] WARN: API Antwort verzögert
[16:56:12] ERROR: Verbindung verloren
[16:56:16] INFO: Heartbeat OK
[16:56:20] WARN: API Antwort verzögert
[16:56:24] WARN: API Antwort verzögert
[16:56:28] WARN: API Antwort verzögert
[16:56:32] INFO: Heartbeat OK
[16:56:36] WARN: API Antwort verzögert
[16:56:40] WARN: API Antwort verzögert
[16:56:44] INFO: Heartbeat OK
[16:56:48] INFO: Heartbeat OK
[16:56:52] INFO: Heartbeat OK
[16:56:56] ERROR: Verbindung verloren
[16:57:00] ERROR: Verbindung verloren
[16:57:04] ERROR: Verbindung verloren
[16:57:08] INFO: Heartbeat OK
[16:57:12] WARN: API Antwort verzögert
[16:57:16] WARN: API Antwort verzögert
[16:57:20] WARN: API Antwort verzögert
[16:57:24] INFO: Heartbeat OK
[16:57:28] ERROR: Verbindung verloren
[16:57:32] ERROR: Verbindung verloren
[16:57:36] ERROR: Verbindung verloren
[16:57:40] ERROR: Verbindung verloren
[16:57:44] INFO: Heartbeat OK
[16:57:48] ERROR: Verbindung verloren
[16:57:52] WARN: API Antwort verzögert
[16:57:56] INFO: Heartbeat OK
[16:58:00] ERROR: Verbindung verloren
[16:58:04] WARN: API Antwort verzögert
[16:58:08] INFO: Heartbeat OK
[16:58:12] WARN: API Antwort verzögert
[16:58:16] ERROR: Verbindung verloren
[16:58:20] WARN: API Antwort verzögert
[16:58:24] ERROR: Verbindung verloren
[16:58:28] ERROR: Verbindung verloren
[16:58:32] WARN: API Antwort verzögert
[16:58:36] INFO: Heartbeat OK
[16:58:40] ERROR: Verbindung verloren
[16:58:44] ERROR: Verbindung verloren
[16:58:48] INFO: Heartbeat OK
[16:58:52] INFO: Heartbeat OK
[16:58:56] WARN: API Antwort verzögert
[16:59:00] ERROR: Verbindung verloren
[16:59:04] ERROR: Verbindung verloren
[16:59:08] WARN: API Antwort verzögert
[16:59:12] WARN: API Antwort verzögert
[16:59:16] INFO: Heartbeat OK
[16:59:20] WARN: API Antwort verzögert
[16:59:24] WARN: API Antwort verzögert
[16:59:28] WARN: API Antwort verzögert
[16:59:32] WARN: API Antwort verzögert
[16:59:36] INFO: Heartbeat OK
[16:59:40] INFO: Heartbeat OK
[16:59:44] INFO: Heartbeat OK
[16:59:48] ERROR: Verbindung verloren
[16:59:52] INFO: Heartbeat OK
[16:59:56] INFO: Heartbeat OK
[17:00:00] WARN: API Antwort verzögert
[17:00:04] INFO: Heartbeat OK
[17:00:08] INFO: Heartbeat OK
[17:00:12] INFO: Heartbeat OK
[17:00:16] INFO: Heartbeat OK
[17:00:20] WARN: API Antwort verzögert
[17:00:24] ERROR: Verbindung verloren
[17:00:28] INFO: Heartbeat OK
[17:00:32] WARN: API Antwort verzögert
[17:00:36] INFO: Heartbeat OK
[17:00:40] ERROR: Verbindung verloren
[17:00:44] INFO: Heartbeat OK
[17:00:48] INFO: Heartbeat OK
[17:00:52] ERROR: Verbindung verloren
[17:00:56] ERROR: Verbindung verloren
[17:01:00] INFO: Heartbeat OK
[17:01:04] INFO: Heartbeat OK
[17:01:08] ERROR: Verbindung verloren
[17:01:12] ERROR: Verbindung verloren
[17:01:16] WARN: API Antwort verzögert
[17:01:20] WARN: API Antwort verzögert
[17:01:24] ERROR: Verbindung verloren
[17:01:28] WARN: API Antwort verzögert
[17:01:32] INFO: Heartbeat OK
[17:01:36] ERROR: Verbindung verloren
[17:01:40] ERROR: Verbindung verloren
[17:01:44] ERROR: Verbindung verloren
[17:01:48] INFO: Heartbeat OK
[17:01:52] INFO: Heartbeat OK
[17:01:56] ERROR: Verbindung verloren
[17:02:00] WARN: API Antwort verzögert
[17:02:04] WARN: API Antwort verzögert
[17:02:08] ERROR: Verbindung verloren
[17:02:12] ERROR: Verbindung verloren
[17:02:16] WARN: API Antwort verzögert
[17:02:20] INFO: Heartbeat OK
[17:02:24] ERROR: Verbindung verloren
[17:02:28] WARN: API Antwort verzögert
[17:02:32] ERROR: Verbindung verloren
[17:02:36] WARN: API Antwort verzögert
[17:02:40] INFO: Heartbeat OK
[17:02:44] ERROR: Verbindung verloren
[17:02:48] ERROR: Verbindung verloren
[17:02:52] INFO: Heartbeat OK
[17:02:56] WARN: API Antwort verzögert
[17:03:00] WARN: API Antwort verzögert
[17:03:04] WARN: API Antwort verzögert
[17:03:08] INFO: Heartbeat OK
[17:03:12] INFO: Heartbeat OK
[17:03:16] WARN: API Antwort verzögert
[17:03:20] WARN: API Antwort verzögert
[17:03:24] ERROR: Verbindung verloren
[17:03:28] WARN: API Antwort verzögert
[17:03:32] ERROR: Verbindung verloren
[17:03:36] WARN: API Antwort verzögert
[17:03:40] ERROR: Verbindung verloren
[17:03:44] ERROR: Verbindung verloren
[17:03:48] INFO: Heartbeat OK
[17:03:52] INFO: Heartbeat OK
[17:03:56] WARN: API Antwort verzögert
[17:04:00] ERROR: Verbindung verloren
[17:04:04] INFO: Heartbeat OK
[17:04:08] ERROR: Verbindung verloren
[17:04:12] ERROR: Verbindung verloren
[17:04:16] ERROR: Verbindung verloren
[17:04:20] INFO: Heartbeat OK
[17:04:24] ERROR: Verbindung verloren
[17:04:28] WARN: API Antwort verzögert
[17:04:32] ERROR: Verbindung verloren
[17:04:36] INFO: Heartbeat OK
[17:04:40] WARN: API Antwort verzögert
[17:04:44] WARN: API Antwort verzögert
[17:04:48] WARN: API Antwort verzögert
[17:04:52] ERROR: Verbindung verloren
[17:04:56] WARN: API Antwort verzögert
[17:05:00] ERROR: Verbindung verloren
[17:05:04] WARN: API Antwort verzögert
[17:05:08] WARN: API Antwort verzögert
[17:05:12] INFO: Heartbeat OK
[17:05:16] ERROR: Verbindung verloren
[17:05:20] WARN: API Antwort verzögert
[17:05:24] INFO: Heartbeat OK
[17:05:28] INFO: Heartbeat OK
[17:05:32] ERROR: Verbindung verloren
[17:05:36] ERROR: Verbindung verloren
[17:05:40] WARN: API Antwort verzögert
[17:05:44] WARN: API Antwort verzögert
[17:05:48] ERROR: Verbindung verloren
[17:05:52] WARN: API Antwort verzögert
[17:05:56] WARN: API Antwort verzögert
[17:06:00] WARN: API Antwort verzögert
[17:06:04] ERROR: Verbindung verloren
[17:06:08] INFO: Heartbeat OK
[17:06:12] INFO: Heartbeat OK
[17:06:16] ERROR: Verbindung verloren
[17:06:20] WARN: API Antwort verzögert
[17:06:24] ERROR: Verbindung verloren
[17:06:28] WARN: API Antwort verzögert
[17:06:32] ERROR: Verbindung verloren
[17:06:36] WARN: API Antwort verzögert
[17:06:40] ERROR: Verbindung verloren
[17:06:44] WARN: API Antwort verzögert
[17:06:48] WARN: API Antwort verzögert
[17:06:52] WARN: API Antwort verzögert
[17:06:56] WARN: API Antwort verzögert
[17:07:00] INFO: Heartbeat OK
[17:07:04] INFO: Heartbeat OK
[17:07:08] WARN: API Antwort verzögert
[17:07:12] ERROR: Verbindung verloren
[17:07:16] WARN: API Antwort verzögert
[17:07:20] ERROR: Verbindung verloren
[17:07:24] ERROR: Verbindung verloren
[17:07:28] ERROR: Verbindung verloren
[17:07:32] INFO: Heartbeat OK
[17:07:36] ERROR: Verbindung verloren
[17:07:40] INFO: Heartbeat OK
[17:07:44] ERROR: Verbindung verloren
[17:07:48] INFO: Heartbeat OK
[17:07:52] INFO: Heartbeat OK
[17:07:56] ERROR: Verbindung verloren
[17:08:00] ERROR: Verbindung verloren
[17:08:04] ERROR: Verbindung verloren
[17:08:08] WARN: API Antwort verzögert
[17:08:12] INFO: Heartbeat OK
[17:08:16] ERROR: Verbindung verloren
[17:08:20] INFO: Heartbeat OK
[17:08:24] WARN: API Antwort verzögert
[17:08:28] WARN: API Antwort verzögert
[17:08:32] INFO: Heartbeat OK
[17:08:36] WARN: API Antwort verzögert
[17:08:40] INFO: Heartbeat OK
[17:08:44] INFO: Heartbeat OK
[17:08:48] ERROR: Verbindung verloren
[17:08:52] INFO: Heartbeat OK
[17:08:56] ERROR: Verbindung verloren
[17:09:00] INFO: Heartbeat OK
[17:09:04] INFO: Heartbeat OK
[17:09:08] ERROR: Verbindung verloren
[17:09:12] ERROR: Verbindung verloren
[17:09:16] ERROR: Verbindung verloren
[17:09:20] INFO: Heartbeat OK
[17:09:24] WARN: API Antwort verzögert
[17:09:28] ERROR: Verbindung verloren
[17:09:32] ERROR: Verbindung verloren
[17:09:36] WARN: API Antwort verzögert
[17:09:40] INFO: Heartbeat OK
[17:09:44] ERROR: Verbindung verloren
[17:09:48] INFO: Heartbeat OK
[17:09:52] WARN: API Antwort verzögert
[17:09:56] INFO: Heartbeat OK
[17:10:00] INFO: Heartbeat OK
[17:10:04] INFO: Heartbeat OK
[17:10:08] ERROR: Verbindung verloren
[17:10:12] ERROR: Verbindung verloren
[17:10:16] WARN: API Antwort verzögert
[17:10:20] ERROR: Verbindung verloren
[17:10:24] WARN: API Antwort verzögert
[17:10:28] WARN: API Antwort verzögert
[17:10:32] ERROR: Verbindung verloren
[17:10:36] ERROR: Verbindung verloren
[17:10:40] WARN: API Antwort verzögert
[17:10:44] WARN: API Antwort verzögert
[17:10:48] INFO: Heartbeat OK
[17:10:52] WARN: API Antwort verzögert
[17:10:56] ERROR: Verbindung verloren
[17:11:00] INFO: Heartbeat OK
[17:11:04] WARN: API Antwort verzögert
[17:11:08] ERROR: Verbindung verloren
[17:11:12] ERROR: Verbindung verloren
[17:11:16] ERROR: Verbindung verloren
[17:11:20] INFO: Heartbeat OK
[17:11:24] INFO: Heartbeat OK
[17:11:28] WARN: API Antwort verzögert
[17:11:32] WARN: API Antwort verzögert
[17:11:36] WARN: API Antwort verzögert
[17:11:40] ERROR: Verbindung verloren
[17:11:44] WARN: API Antwort verzögert
[17:11:48] ERROR: Verbindung verloren
[17:11:52] ERROR: Verbindung verloren
[17:11:56] ERROR: Verbindung verloren
[17:12:00] WARN: API Antwort verzögert
[17:12:04] ERROR: Verbindung verloren
[17:12:08] WARN: API Antwort verzögert
[17:12:12] ERROR: Verbindung verloren
[17:12:16] INFO: Heartbeat OK
[17:12:20] WARN: API Antwort verzögert
[17:12:24] WARN: API Antwort verzögert
[17:12:28] INFO: Heartbeat OK
[17:12:32] ERROR: Verbindung verloren
[17:12:36] WARN: API Antwort verzögert
[17:12:40] INFO: Heartbeat OK
[17:12:44] ERROR: Verbindung verloren
[17:12:48] WARN: API Antwort verzögert
[17:12:52] INFO: Heartbeat OK
[17:12:56] ERROR: Verbindung verloren
[17:13:00] INFO: Heartbeat OK
[17:13:04] ERROR: Verbindung verloren
[17:13:08] ERROR: Verbindung verloren
[17:13:12] ERROR: Verbindung verloren
[17:13:16] INFO: Heartbeat OK
[17:13:20] INFO: Heartbeat OK
[17:13:24] WARN: API Antwort verzögert
[17:13:28] ERROR: Verbindung verloren
[17:13:32] INFO: Heartbeat OK
[17:13:36] ERROR: Verbindung verloren
[17:13:40] INFO: Heartbeat OK
[17:13:44] WARN: API Antwort verzögert
[17:13:48] ERROR: Verbindung verloren
[17:13:52] INFO: Heartbeat OK
[17:13:56] ERROR: Verbindung verloren
[17:14:00] WARN: API Antwort verzögert
[17:14:04] ERROR: Verbindung verloren
[17:14:08] WARN: API Antwort verzögert
[17:14:12] WARN: API Antwort verzögert
[17:14:16] INFO: Heartbeat OK
[17:14:20] ERROR: Verbindung verloren
[17:14:24] INFO: Heartbeat OK
[17:14:28] INFO: Heartbeat OK
[17:14:32] ERROR: Verbindung verloren
[17:14:36] WARN: API Antwort verzögert
[17:14:40] INFO: Heartbeat OK
[17:14:44] INFO: Heartbeat OK
[17:14:48] ERROR: Verbindung verloren
[17:14:52] INFO: Heartbeat OK
[17:14:56] WARN: API Antwort verzögert
[17:15:00] WARN: API Antwort verzögert
[17:15:04] WARN: API Antwort verzögert
[17:15:08] INFO: Heartbeat OK
[17:15:12] ERROR: Verbindung verloren
[17:15:16] ERROR: Verbindung verloren
[17:15:20] ERROR: Verbindung verloren
[17:15:24] ERROR: Verbindung verloren
[17:15:28] ERROR: Verbindung verloren
[17:15:32] WARN: API Antwort verzögert
[17:15:36] INFO: Heartbeat OK
[17:15:40] WARN: API Antwort verzögert
[17:15:44] INFO: Heartbeat OK
[17:15:48] ERROR: Verbindung verloren
[17:15:52] ERROR: Verbindung verloren
[17:15:56] INFO: Heartbeat OK
[22:12:02] ERROR: Verbindung verloren
[22:12:06] INFO: Heartbeat OK
[22:12:10] WARN: API Antwort verzögert
[22:12:14] WARN: API Antwort verzögert
[22:12:18] WARN: API Antwort verzögert
[22:12:22] INFO: Heartbeat OK
[22:12:26] WARN: API Antwort verzögert
[22:12:30] WARN: API Antwort verzögert
[22:12:34] WARN: API Antwort verzögert
[22:12:38] ERROR: Verbindung verloren
[22:12:42] INFO: Heartbeat OK
[22:12:46] WARN: API Antwort verzögert
[22:12:50] WARN: API Antwort verzögert
[22:12:54] ERROR: Verbindung verloren
[22:12:58] INFO: Heartbeat OK
[22:13:02] INFO: Heartbeat OK
[22:13:06] INFO: Heartbeat OK
[22:13:10] WARN: API Antwort verzögert
[22:13:14] WARN: API Antwort verzögert
[22:13:18] INFO: Heartbeat OK
[22:13:22] INFO: Heartbeat OK
[22:13:26] WARN: API Antwort verzögert
[22:13:30] INFO: Heartbeat OK
[22:13:34] INFO: Heartbeat OK
[22:13:38] ERROR: Verbindung verloren
[22:13:42] ERROR: Verbindung verloren
[22:13:46] ERROR: Verbindung verloren
[22:13:50] INFO: Heartbeat OK
[22:13:54] WARN: API Antwort verzögert
[22:13:58] WARN: API Antwort verzögert
[22:14:02] ERROR: Verbindung verloren
[22:14:06] ERROR: Verbindung verloren
[22:14:10] WARN: API Antwort verzögert
[22:14:14] ERROR: Verbindung verloren
[22:14:18] INFO: Heartbeat OK
[22:14:22] ERROR: Verbindung verloren
[22:14:26] ERROR: Verbindung verloren
[22:14:30] WARN: API Antwort verzögert
[22:14:34] WARN: API Antwort verzögert
[22:14:38] ERROR: Verbindung verloren
[22:14:42] INFO: Heartbeat OK
[22:14:46] WARN: API Antwort verzögert
[22:14:50] INFO: Heartbeat OK
[22:14:54] WARN: API Antwort verzögert
[22:14:58] INFO: Heartbeat OK
[22:15:02] INFO: Heartbeat OK
[22:15:06] WARN: API Antwort verzögert
[22:15:10] ERROR: Verbindung verloren
[22:15:14] WARN: API Antwort verzögert
[22:15:18] ERROR: Verbindung verloren
[22:15:22] INFO: Heartbeat OK
[22:15:26] ERROR: Verbindung verloren
[22:15:30] INFO: Heartbeat OK
[22:15:34] INFO: Heartbeat OK
[22:15:38] INFO: Heartbeat OK
[22:15:42] WARN: API Antwort verzögert
[22:15:46] WARN: API Antwort verzögert
[22:15:50] WARN: API Antwort verzögert
[22:15:54] ERROR: Verbindung verloren
[22:15:58] WARN: API Antwort verzögert
[22:16:02] ERROR: Verbindung verloren
[22:16:06] INFO: Heartbeat OK
[22:16:10] ERROR: Verbindung verloren
[22:16:14] ERROR: Verbindung verloren
[22:16:18] INFO: Heartbeat OK
[22:16:22] INFO: Heartbeat OK
[22:16:26] WARN: API Antwort verzögert
[22:16:30] WARN: API Antwort verzögert
[22:16:34] INFO: Heartbeat OK
[22:16:38] ERROR: Verbindung verloren
[22:16:42] WARN: API Antwort verzögert
[22:16:46] ERROR: Verbindung verloren
[22:16:50] WARN: API Antwort verzögert
[22:16:54] WARN: API Antwort verzögert
[22:16:58] WARN: API Antwort verzögert
[22:17:02] INFO: Heartbeat OK
[22:17:06] ERROR: Verbindung verloren
[22:17:10] WARN: API Antwort verzögert
[22:17:14] WARN: API Antwort verzögert
[22:17:18] ERROR: Verbindung verloren
[22:17:22] INFO: Heartbeat OK
[22:17:26] ERROR: Verbindung verloren
[22:17:30] INFO: Heartbeat OK
[22:17:34] INFO: Heartbeat OK
[22:17:38] WARN: API Antwort verzögert
[22:17:42] WARN: API Antwort verzögert
[22:17:46] WARN: API Antwort verzögert
[22:17:50] INFO: Heartbeat OK
[22:17:54] WARN: API Antwort verzögert
[22:17:58] WARN: API Antwort verzögert
[22:18:02] INFO: Heartbeat OK
[22:18:06] ERROR: Verbindung verloren
[22:18:10] WARN: API Antwort verzögert
[22:18:14] INFO: Heartbeat OK
[22:18:18] ERROR: Verbindung verloren
[22:18:22] ERROR: Verbindung verloren
[22:18:26] INFO: Heartbeat OK
[22:18:30] ERROR: Verbindung verloren
[22:18:34] INFO: Heartbeat OK
[22:18:38] WARN: API Antwort verzögert
[22:18:42] ERROR: Verbindung verloren
[22:18:46] ERROR: Verbindung verloren
[22:18:50] ERROR: Verbindung verloren
[22:18:54] WARN: API Antwort verzögert
[22:18:58] INFO: Heartbeat OK
[22:19:02] ERROR: Verbindung verloren
[22:19:06] INFO: Heartbeat OK
[22:19:10] ERROR: Verbindung verloren
[22:19:14] WARN: API Antwort verzögert
[22:19:18] ERROR: Verbindung verloren
[22:19:22] ERROR: Verbindung verloren
[22:19:26] ERROR: Verbindung verloren
[22:19:30] ERROR: Verbindung verloren
[22:19:34] ERROR: Verbindung verloren
[22:19:38] ERROR: Verbindung verloren
[22:19:42] INFO: Heartbeat OK
[22:19:46] ERROR: Verbindung verloren
[22:19:50] INFO: Heartbeat OK
[22:19:54] WARN: API Antwort verzögert
[22:19:58] INFO: Heartbeat OK
[22:20:02] INFO: Heartbeat OK
[22:20:06] INFO: Heartbeat OK
[22:20:10] ERROR: Verbindung verloren
[22:20:14] INFO: Heartbeat OK
[22:20:18] ERROR: Verbindung verloren
[22:20:22] WARN: API Antwort verzögert
[22:20:26] INFO: Heartbeat OK
[22:20:30] ERROR: Verbindung verloren
[22:20:34] WARN: API Antwort verzögert
[22:20:38] INFO: Heartbeat OK
[22:20:42] WARN: API Antwort verzögert
[22:20:46] WARN: API Antwort verzögert
[22:20:50] INFO: Heartbeat OK
[22:20:54] INFO: Heartbeat OK
[22:20:58] WARN: API Antwort verzögert
[22:21:02] ERROR: Verbindung verloren
[22:21:06] WARN: API Antwort verzögert
[22:21:10] ERROR: Verbindung verloren
[22:21:14] INFO: Heartbeat OK
[22:21:18] WARN: API Antwort verzögert
[22:21:22] ERROR: Verbindung verloren
[22:21:26] ERROR: Verbindung verloren
[22:21:30] INFO: Heartbeat OK
[22:21:34] ERROR: Verbindung verloren
[22:21:38] WARN: API Antwort verzögert
[22:21:42] WARN: API Antwort verzögert
[22:21:46] INFO: Heartbeat OK
[22:21:50] ERROR: Verbindung verloren
[22:21:54] ERROR: Verbindung verloren
[22:21:58] WARN: API Antwort verzögert
[22:22:02] WARN: API Antwort verzögert
[22:22:06] WARN: API Antwort verzögert
[22:22:10] WARN: API Antwort verzögert
[22:22:14] ERROR: Verbindung verloren
[22:22:18] WARN: API Antwort verzögert
[22:22:22] ERROR: Verbindung verloren
[22:22:26] WARN: API Antwort verzögert
[22:22:30] INFO: Heartbeat OK
[22:22:34] INFO: Heartbeat OK
[22:22:38] ERROR: Verbindung verloren
[22:22:42] INFO: Heartbeat OK
[22:22:46] INFO: Heartbeat OK
[22:22:50] ERROR: Verbindung verloren
[22:22:54] INFO: Heartbeat OK
[22:22:58] ERROR: Verbindung verloren
[22:23:02] ERROR: Verbindung verloren
[22:23:06] ERROR: Verbindung verloren
[22:23:10] WARN: API Antwort verzögert
[22:23:14] ERROR: Verbindung verloren
[22:23:18] INFO: Heartbeat OK
[22:23:22] ERROR: Verbindung verloren
[22:23:26] ERROR: Verbindung verloren
[22:23:30] INFO: Heartbeat OK
[22:23:34] ERROR: Verbindung verloren
[22:23:38] WARN: API Antwort verzögert
[22:23:42] INFO: Heartbeat OK
[22:23:46] INFO: Heartbeat OK
[22:23:50] ERROR: Verbindung verloren
[22:23:54] INFO: Heartbeat OK
[22:23:58] WARN: API Antwort verzögert
[22:24:02] ERROR: Verbindung verloren
[22:24:06] WARN: API Antwort verzögert
[22:24:10] ERROR: Verbindung verloren
[22:24:14] ERROR: Verbindung verloren
[22:24:18] WARN: API Antwort verzögert
[22:24:22] WARN: API Antwort verzögert
[22:24:26] INFO: Heartbeat OK
[22:24:30] WARN: API Antwort verzögert
[22:24:34] INFO: Heartbeat OK
[22:24:38] ERROR: Verbindung verloren
[22:24:42] INFO: Heartbeat OK
[22:24:46] INFO: Heartbeat OK
[22:24:50] WARN: API Antwort verzögert
[22:24:54] ERROR: Verbindung verloren
[22:24:58] WARN: API Antwort verzögert
[22:25:02] WARN: API Antwort verzögert
[22:25:06] WARN: API Antwort verzögert
[22:25:10] WARN: API Antwort verzögert
[22:25:14] INFO: Heartbeat OK
[22:25:18] INFO: Heartbeat OK
[22:25:22] WARN: API Antwort verzögert
[22:25:26] ERROR: Verbindung verloren
[22:25:30] INFO: Heartbeat OK
[22:25:34] WARN: API Antwort verzögert
[22:25:38] ERROR: Verbindung verloren
[22:25:42] INFO: Heartbeat OK
[22:25:46] INFO: Heartbeat OK
[22:25:50] INFO: Heartbeat OK
[22:25:54] WARN: API Antwort verzögert
[22:25:58] WARN: API Antwort verzögert
[22:26:02] ERROR: Verbindung verloren
[22:26:06] INFO: Heartbeat OK
[22:26:10] WARN: API Antwort verzögert
[22:26:14] INFO: Heartbeat OK
[22:26:18] INFO: Heartbeat OK
[22:26:22] WARN: API Antwort verzögert
[22:26:26] WARN: API Antwort verzögert
[22:26:30] INFO: Heartbeat OK
[22:26:34] WARN: API Antwort verzögert
[22:26:38] ERROR: Verbindung verloren
[22:26:42] WARN: API Antwort verzögert
[22:26:46] INFO: Heartbeat OK
[22:26:50] ERROR: Verbindung verloren
[22:26:54] ERROR: Verbindung verloren
[22:26:58] ERROR: Verbindung verloren
[22:27:02] WARN: API Antwort verzögert
[22:27:06] ERROR: Verbindung verloren
[22:27:10] ERROR: Verbindung verloren
[22:27:14] INFO: Heartbeat OK
[22:27:18] WARN: API Antwort verzögert
[22:27:22] INFO: Heartbeat OK
[22:27:26] INFO: Heartbeat OK
[22:27:30] INFO: Heartbeat OK
[22:27:34] INFO: Heartbeat OK
[22:27:38] ERROR: Verbindung verloren
[22:27:42] WARN: API Antwort verzögert
[22:27:46] INFO: Heartbeat OK
[22:27:50] ERROR: Verbindung verloren
[22:27:54] INFO: Heartbeat OK
[22:27:58] WARN: API Antwort verzögert
[22:28:02] INFO: Heartbeat OK
[22:28:06] INFO: Heartbeat OK
[22:28:10] WARN: API Antwort verzögert
[22:28:14] WARN: API Antwort verzögert
[22:28:18] WARN: API Antwort verzögert
[22:28:22] ERROR: Verbindung verloren
[22:28:26] INFO: Heartbeat OK
[22:28:30] INFO: Heartbeat OK
[22:28:34] INFO: Heartbeat OK
[22:28:38] WARN: API Antwort verzögert
[22:28:42] ERROR: Verbindung verloren
[22:28:46] WARN: API Antwort verzögert
[22:28:50] WARN: API Antwort verzögert
[22:28:54] WARN: API Antwort verzögert
[22:28:58] WARN: API Antwort verzögert
[22:29:02] INFO: Heartbeat OK
[22:29:06] ERROR: Verbindung verloren
[22:29:10] ERROR: Verbindung verloren
[22:29:14] ERROR: Verbindung verloren
[22:29:18] WARN: API Antwort verzögert
[22:29:22] WARN: API Antwort verzögert
[22:29:26] INFO: Heartbeat OK
[22:29:30] INFO: Heartbeat OK
[22:29:34] ERROR: Verbindung verloren
[22:29:38] ERROR: Verbindung verloren
[22:29:42] WARN: API Antwort verzögert
[22:29:46] INFO: Heartbeat OK
[22:29:50] WARN: API Antwort verzögert
[22:29:54] ERROR: Verbindung verloren
[22:29:58] ERROR: Verbindung verloren
[22:30:02] INFO: Heartbeat OK
[22:30:06] ERROR: Verbindung verloren
[22:30:10] WARN: API Antwort verzögert
[22:30:14] INFO: Heartbeat OK
[22:30:18] ERROR: Verbindung verloren
[22:30:22] ERROR: Verbindung verloren
[22:30:26] WARN: API Antwort verzögert
[22:30:30] INFO: Heartbeat OK
[22:30:34] INFO: Heartbeat OK
[22:30:38] ERROR: Verbindung verloren
[22:30:42] WARN: API Antwort verzögert
[22:30:46] ERROR: Verbindung verloren
[22:30:50] WARN: API Antwort verzögert
[22:30:54] ERROR: Verbindung verloren
[22:30:58] WARN: API Antwort verzögert
[22:31:02] ERROR: Verbindung verloren
[22:31:06] INFO: Heartbeat OK
[22:31:10] WARN: API Antwort verzögert
[22:31:14] WARN: API Antwort verzögert
[22:31:18] INFO: Heartbeat OK
[22:31:22] INFO: Heartbeat OK
[22:31:26] INFO: Heartbeat OK
[22:31:30] WARN: API Antwort verzögert
[22:31:34] ERROR: Verbindung verloren
[22:31:38] INFO: Heartbeat OK
[22:31:42] INFO: Heartbeat OK
[22:31:46] INFO: Heartbeat OK
[22:31:50] ERROR: Verbindung verloren
[22:31:54] INFO: Heartbeat OK
[22:31:58] INFO: Heartbeat OK
